<?xml version="1.0" encoding="UTF-8"?>
<!-- Generated by org.testng.reporters.JUnitReportReporter -->
<testsuite hostname="SusmithaP" failures="0" tests="3" name="org.jsonPlaceholder.JSONPlaceholderAPITesting.SampleAPITesting" time="3.513" errors="0" timestamp="2025-08-18T19:12:48 IST" skipped="0">
  <testcase classname="org.jsonPlaceholder.JSONPlaceholderAPITesting.SampleAPITesting" name="getPosts" time="2.128"/>
  <testcase classname="org.jsonPlaceholder.JSONPlaceholderAPITesting.SampleAPITesting" name="getUsers" time="0.679"/>
  <testcase classname="org.jsonPlaceholder.JSONPlaceholderAPITesting.SampleAPITesting" name="validateResponseStatusCode" time="0.706"/>
</testsuite> <!-- org.jsonPlaceholder.JSONPlaceholderAPITesting.SampleAPITesting -->
