<?xml version="1.0" encoding="UTF-8"?>
<!-- Generated by org.testng.reporters.JUnitReportReporter -->
<testsuite hostname="SusmithaP" failures="0" tests="4" name="org.jsonPlaceholder.JSONPlaceholderAPITesting.UsersAPI" time="3.984" errors="0" timestamp="2025-08-19T18:39:32 IST" skipped="0">
  <testcase classname="org.jsonPlaceholder.JSONPlaceholderAPITesting.UsersAPI" name="getUsers" time="1.642"/>
  <testcase classname="org.jsonPlaceholder.JSONPlaceholderAPITesting.UsersAPI" name="validateResponseStatusCode" time="1.031"/>
  <testcase classname="org.jsonPlaceholder.JSONPlaceholderAPITesting.UsersAPI" name="validateResponseTime" time="0.227"/>
  <testcase classname="org.jsonPlaceholder.JSONPlaceholderAPITesting.UsersAPI" name="validateUsersData" time="1.084"/>
</testsuite> <!-- org.jsonPlaceholder.JSONPlaceholderAPITesting.UsersAPI -->
